2025-05-13 04:42:53,780 - INFO - Pokrećem Psy Bot v3...
2025-05-13 04:43:07,136 - INFO - Pokrećem trading task...
2025-05-13 04:43:10,581 - INFO - Marketi učitani
2025-05-13 04:43:10,979 - INFO - USDT balans: 65.0
2025-05-13 04:43:11,767 - INFO - Postavljen leverage 3x i izolovani margin za ETH/BTC
2025-05-13 04:43:11,769 - ERROR - Greška u WebSocket-u za ETH/BTC: binance watchOrderBook() is not supported yet, prelazim na REST
2025-05-13 04:43:12,140 - INFO - Zaustavljam trading task...
2025-05-13 04:43:26,240 - INFO - Pokrećem trading task...
2025-05-13 04:43:29,709 - INFO - Marketi učitani
2025-05-13 04:43:30,090 - INFO - USDT balans: 65.0
2025-05-13 04:43:30,864 - INFO - Postavljen leverage 3x i izolovani margin za ETH/BTC
2025-05-13 04:43:30,866 - ERROR - Greška pri zatvaranju pozicije: binance fetchPosition() supports option markets only
2025-05-13 04:43:30,870 - ERROR - Greška u WebSocket-u za ETH/BTC: binance watchOrderBook() is not supported yet, prelazim na REST
2025-05-13 04:43:31,243 - INFO - REST API: Orderbook za ETH/BTC povučen
2025-05-13 04:43:31,248 - INFO - REST Signal za ETH/BTC: {'type': 'LONG', 'entry_price': 0.02382, 'stop_loss': 0.02377, 'take_profit': 0.02392, 'wall_type': 'Brdo', 'volume': 331.51}
2025-05-13 04:43:31,248 - INFO - REST Signal za ETH/BTC: {'type': 'LONG', 'entry_price': 0.02383, 'stop_loss': 0.02378, 'take_profit': 0.02393, 'wall_type': 'Brdo', 'volume': 330.08}
2025-05-13 04:43:31,248 - INFO - REST Signal za ETH/BTC: {'type': 'LONG', 'entry_price': 0.02382, 'stop_loss': 0.02377, 'take_profit': 0.02392, 'wall_type': 'Brdo', 'volume': 327.88}
2025-05-13 04:43:31,248 - INFO - REST Signal za ETH/BTC: {'type': 'LONG', 'entry_price': 0.02383, 'stop_loss': 0.02378, 'take_profit': 0.02393, 'wall_type': 'Brdo', 'volume': 327.4}
2025-05-13 04:43:31,249 - INFO - REST Signal za ETH/BTC: {'type': 'LONG', 'entry_price': 0.02383, 'stop_loss': 0.02378, 'take_profit': 0.02393, 'wall_type': 'Brdo', 'volume': 327.4}
2025-05-13 04:43:31,249 - INFO - REST Signal za ETH/BTC: {'type': 'LONG', 'entry_price': 0.02383, 'stop_loss': 0.02378, 'take_profit': 0.02393, 'wall_type': 'Brdo', 'volume': 327.35}
2025-05-13 04:43:31,249 - INFO - REST Signal za ETH/BTC: {'type': 'LONG', 'entry_price': 0.02383, 'stop_loss': 0.02378, 'take_profit': 0.02393, 'wall_type': 'Brdo', 'volume': 308.09}
2025-05-13 04:43:31,249 - INFO - REST Signal za ETH/BTC: {'type': 'LONG', 'entry_price': 0.02382, 'stop_loss': 0.02377, 'take_profit': 0.02392, 'wall_type': 'Brdo', 'volume': 290.42}
2025-05-13 04:43:31,250 - INFO - REST Signal za ETH/BTC: {'type': 'LONG', 'entry_price': 0.02382, 'stop_loss': 0.02377, 'take_profit': 0.02392, 'wall_type': 'Zid', 'volume': 40.98}
2025-05-13 04:43:31,250 - INFO - REST Signal za ETH/BTC: {'type': 'SHORT', 'entry_price': 0.02397, 'stop_loss': 0.02402, 'take_profit': 0.02387, 'wall_type': 'Brdo', 'volume': 216.18}
2025-05-13 04:43:31,250 - INFO - REST Signal za ETH/BTC: {'type': 'SHORT', 'entry_price': 0.02397, 'stop_loss': 0.02402, 'take_profit': 0.02387, 'wall_type': 'Brdo', 'volume': 215.87}
2025-05-13 04:43:31,250 - INFO - REST Signal za ETH/BTC: {'type': 'SHORT', 'entry_price': 0.02397, 'stop_loss': 0.02402, 'take_profit': 0.02387, 'wall_type': 'Brdo', 'volume': 209.32}
2025-05-13 04:43:31,251 - INFO - REST Signal za ETH/BTC: {'type': 'SHORT', 'entry_price': 0.02398, 'stop_loss': 0.02403, 'take_profit': 0.02388, 'wall_type': 'Brdo', 'volume': 190.84}
2025-05-13 04:43:31,251 - INFO - REST Signal za ETH/BTC: {'type': 'SHORT', 'entry_price': 0.02397, 'stop_loss': 0.02402, 'take_profit': 0.02387, 'wall_type': 'Brdo', 'volume': 190.52}
2025-05-13 04:43:31,251 - INFO - REST Signal za ETH/BTC: {'type': 'SHORT', 'entry_price': 0.02398, 'stop_loss': 0.02403, 'take_profit': 0.02388, 'wall_type': 'Brdo', 'volume': 190.18}
2025-05-13 04:43:31,251 - INFO - REST Signal za ETH/BTC: {'type': 'SHORT', 'entry_price': 0.02397, 'stop_loss': 0.02402, 'take_profit': 0.02387, 'wall_type': 'Brdo', 'volume': 189.87}
2025-05-13 04:43:31,252 - INFO - REST Signal za ETH/BTC: {'type': 'SHORT', 'entry_price': 0.02397, 'stop_loss': 0.02402, 'take_profit': 0.02387, 'wall_type': 'Brdo', 'volume': 187.79}
2025-05-13 04:43:31,252 - INFO - REST Signal za ETH/BTC: {'type': 'SHORT', 'entry_price': 0.02398, 'stop_loss': 0.02403, 'take_profit': 0.02388, 'wall_type': 'Brdo', 'volume': 187.77}
2025-05-13 04:43:31,252 - INFO - REST Signal za ETH/BTC: {'type': 'SHORT', 'entry_price': 0.02398, 'stop_loss': 0.02403, 'take_profit': 0.02388, 'wall_type': 'Brdašce', 'volume': 74.2}
2025-05-13 04:43:31,252 - INFO - REST Signal za ETH/BTC: {'type': 'SHORT', 'entry_price': 0.02398, 'stop_loss': 0.02403, 'take_profit': 0.02388, 'wall_type': 'Zid', 'volume': 40.38}
2025-05-13 04:43:31,253 - INFO - Zaustavljam trading task...
2025-05-13 04:43:47,784 - ERROR - Greška u WebSocket-u: Unexpected ASGI message 'websocket.send', after sending 'websocket.close' or response already completed.
2025-05-13 04:43:49,038 - INFO - Gasim Psy Bot v3...
2025-05-13 05:12:13,185 - INFO - Pokrećem Psy Bot v3...
2025-05-13 05:12:44,417 - ERROR - Greška u WebSocket-u: Unexpected ASGI message 'websocket.send', after sending 'websocket.close' or response already completed.
2025-05-13 05:12:45,749 - INFO - Gasim Psy Bot v3...
2025-05-13 05:21:04,010 - INFO - Pokrećem Psy Bot v3...
2025-05-13 05:22:59,014 - INFO - Gasim Psy Bot v3...
2025-05-13 05:23:02,703 - INFO - Pokrećem Psy Bot v3...
2025-05-13 05:28:18,236 - INFO - Gasim Psy Bot v3...
2025-05-13 05:28:30,279 - INFO - Pokrećem Psy Bot v3...
2025-05-13 05:29:03,066 - INFO - Gasim Psy Bot v3...
2025-05-13 05:31:03,085 - INFO - Pokrećem Psy Bot v3...
2025-05-13 05:50:15,648 - ERROR - Greška u WebSocket-u: Unexpected ASGI message 'websocket.send', after sending 'websocket.close' or response already completed.
2025-05-13 05:51:33,435 - ERROR - Greška u WebSocket-u: Unexpected ASGI message 'websocket.send', after sending 'websocket.close' or response already completed.
2025-05-13 05:51:39,460 - INFO - Gasim Psy Bot v3...
2025-05-13 05:52:54,407 - INFO - Pokrećem Psy Bot v3...
2025-05-13 05:53:32,549 - ERROR - Greška u WebSocket-u: Unexpected ASGI message 'websocket.send', after sending 'websocket.close' or response already completed.
2025-05-13 05:56:45,862 - INFO - Gasim Psy Bot v3...
2025-05-13 05:57:09,443 - INFO - Pokrećem Psy Bot v3...
2025-05-13 05:57:49,697 - ERROR - Greška u WebSocket-u: Unexpected ASGI message 'websocket.send', after sending 'websocket.close' or response already completed.
2025-05-13 05:58:16,027 - INFO - Gasim Psy Bot v3...
2025-05-13 05:58:28,968 - INFO - Pokrećem Psy Bot v3...
2025-05-13 06:01:57,371 - ERROR - Greška u WebSocket-u: Unexpected ASGI message 'websocket.send', after sending 'websocket.close' or response already completed.
2025-05-13 06:01:57,910 - INFO - Gasim Psy Bot v3...
2025-05-13 06:02:11,854 - INFO - Pokrećem Psy Bot v3...
2025-05-13 06:02:52,488 - ERROR - Greška u WebSocket-u: Unexpected ASGI message 'websocket.send', after sending 'websocket.close' or response already completed.
2025-05-13 06:04:09,401 - INFO - Gasim Psy Bot v3...
2025-05-13 06:04:23,609 - INFO - Pokrećem Psy Bot v3...
2025-05-13 06:06:12,301 - ERROR - Greška u WebSocket-u: Unexpected ASGI message 'websocket.send', after sending 'websocket.close' or response already completed.
2025-05-13 06:06:19,388 - ERROR - Greška u WebSocket-u: Unexpected ASGI message 'websocket.send', after sending 'websocket.close' or response already completed.
2025-05-13 06:06:38,828 - ERROR - Greška u WebSocket-u: Unexpected ASGI message 'websocket.send', after sending 'websocket.close' or response already completed.
2025-05-13 06:06:53,191 - ERROR - Greška u WebSocket-u: Unexpected ASGI message 'websocket.send', after sending 'websocket.close' or response already completed.
2025-05-13 06:07:28,845 - ERROR - Greška u WebSocket-u: Unexpected ASGI message 'websocket.send', after sending 'websocket.close' or response already completed.
2025-05-13 06:08:31,988 - ERROR - Greška u WebSocket-u: Unexpected ASGI message 'websocket.send', after sending 'websocket.close' or response already completed.
2025-05-13 06:09:15,428 - ERROR - Greška u WebSocket-u: Unexpected ASGI message 'websocket.send', after sending 'websocket.close' or response already completed.
2025-05-13 06:09:16,820 - INFO - Gasim Psy Bot v3...
2025-05-13 06:09:17,655 - INFO - Pokrećem Psy Bot v3...
2025-05-13 06:09:44,029 - ERROR - Greška u WebSocket-u: Unexpected ASGI message 'websocket.send', after sending 'websocket.close' or response already completed.
2025-05-13 06:09:53,627 - INFO - Pokrećem trading task...
2025-05-13 06:09:57,040 - INFO - Marketi učitani
2025-05-13 06:09:57,403 - INFO - USDT balans: 65.0
2025-05-13 06:09:58,158 - INFO - Postavljen leverage 1x i izolovani margin za ETH/BTC
2025-05-13 06:09:58,161 - ERROR - Greška u WebSocket-u za ETH/BTC: binance watchOrderBook() is not supported yet, prelazim na REST
2025-05-13 06:09:58,513 - INFO - REST API: Orderbook za ETH/BTC povučen
2025-05-13 06:09:58,520 - INFO - REST Signal za ETH/BTC: {'type': 'LONG', 'entry_price': 0.02382, 'stop_loss': 0.02377, 'take_profit': 0.02392, 'wall_type': 'Planina', 'volume': 820.1}
2025-05-13 06:09:58,520 - INFO - REST Signal za ETH/BTC: {'type': 'LONG', 'entry_price': 0.02382, 'stop_loss': 0.02377, 'take_profit': 0.02392, 'wall_type': 'Planina', 'volume': 644.54}
2025-05-13 06:09:58,521 - INFO - REST Signal za ETH/BTC: {'type': 'LONG', 'entry_price': 0.02383, 'stop_loss': 0.02378, 'take_profit': 0.02393, 'wall_type': 'Planina', 'volume': 618.47}
2025-05-13 06:09:58,521 - INFO - REST Signal za ETH/BTC: {'type': 'LONG', 'entry_price': 0.02383, 'stop_loss': 0.02378, 'take_profit': 0.02393, 'wall_type': 'Planina', 'volume': 618.26}
2025-05-13 06:09:58,521 - INFO - REST Signal za ETH/BTC: {'type': 'LONG', 'entry_price': 0.02383, 'stop_loss': 0.02378, 'take_profit': 0.02393, 'wall_type': 'Planina', 'volume': 617.77}
2025-05-13 06:09:58,521 - INFO - REST Signal za ETH/BTC: {'type': 'LONG', 'entry_price': 0.02382, 'stop_loss': 0.02377, 'take_profit': 0.02392, 'wall_type': 'Planina', 'volume': 617.3}
2025-05-13 06:09:58,522 - INFO - REST Signal za ETH/BTC: {'type': 'LONG', 'entry_price': 0.02383, 'stop_loss': 0.02378, 'take_profit': 0.02393, 'wall_type': 'Planina', 'volume': 614.94}
2025-05-13 06:09:58,522 - INFO - REST Signal za ETH/BTC: {'type': 'LONG', 'entry_price': 0.02383, 'stop_loss': 0.02378, 'take_profit': 0.02393, 'wall_type': 'Planina', 'volume': 613.86}
2025-05-13 06:09:58,522 - INFO - REST Signal za ETH/BTC: {'type': 'LONG', 'entry_price': 0.02382, 'stop_loss': 0.02377, 'take_profit': 0.02392, 'wall_type': 'Planina', 'volume': 610.72}
2025-05-13 06:09:58,522 - INFO - REST Signal za ETH/BTC: {'type': 'LONG', 'entry_price': 0.02382, 'stop_loss': 0.02377, 'take_profit': 0.02392, 'wall_type': 'Brdo', 'volume': 323.82}
2025-05-13 06:09:58,523 - INFO - REST Signal za ETH/BTC: {'type': 'LONG', 'entry_price': 0.02393, 'stop_loss': 0.02388, 'take_profit': 0.02403, 'wall_type': 'Brdašce', 'volume': 52.86}
2025-05-13 06:09:58,523 - INFO - REST Signal za ETH/BTC: {'type': 'LONG', 'entry_price': 0.02392, 'stop_loss': 0.02387, 'take_profit': 0.02402, 'wall_type': 'Zid', 'volume': 48.47}
